# JRE version: OpenJDK Runtime Environment (11.0.13) (build 11.0.13+0-b1751.21-8125866)
# Java VM: OpenJDK 64-Bit Server VM (11.0.13+0-b1751.21-8125866, mixed mode, tiered, compressed oops, g1 gc, windows-amd64)
Heap:
 garbage-first heap   total 231424K, used 93503K [0x0000000744600000, 0x0000000800000000)
  region size 1024K, 18 young (18432K), 9 survivors (9216K)
 Metaspace       used 70446K, capacity 71276K, committed 71588K, reserved 1112064K
  class space    used 7703K, capacity 8065K, committed 8192K, reserved 1048576K
GC Heap History (20 events):
Event: 2.746 GC heap before
{Heap before GC invocations=1 (full 0):
 garbage-first heap   total 192512K, used 44173K [0x0000000744600000, 0x0000000800000000)
  region size 1024K, 41 young (41984K), 3 survivors (3072K)
 Metaspace       used 20813K, capacity 21113K, committed 21248K, reserved 1069056K
  class space    used 2193K, capacity 2276K, committed 2304K, reserved 1048576K
}
Event: 2.759 GC heap after
{Heap after GC invocations=2 (full 0):
 garbage-first heap   total 192512K, used 10081K [0x0000000744600000, 0x0000000800000000)
  region size 1024K, 7 young (7168K), 7 survivors (7168K)
 Metaspace       used 20813K, capacity 21113K, committed 21248K, reserved 1069056K
  class space    used 2193K, capacity 2276K, committed 2304K, reserved 1048576K
}
Event: 5.328 GC heap before
{Heap before GC invocations=3 (full 0):
 garbage-first heap   total 192512K, used 66401K [0x0000000744600000, 0x0000000800000000)
  region size 1024K, 57 young (58368K), 7 survivors (7168K)
 Metaspace       used 32555K, capacity 32962K, committed 33280K, reserved 1079296K
  class space    used 3849K, capacity 4028K, committed 4096K, reserved 1048576K
}
Event: 5.357 GC heap after
{Heap after GC invocations=4 (full 0):
 garbage-first heap   total 192512K, used 20796K [0x0000000744600000, 0x0000000800000000)
  region size 1024K, 8 young (8192K), 8 survivors (8192K)
 Metaspace       used 32555K, capacity 32962K, committed 33280K, reserved 1079296K
  class space    used 3849K, capacity 4028K, committed 4096K, reserved 1048576K
}
Event: 6.158 GC heap before
{Heap before GC invocations=4 (full 0):
 garbage-first heap   total 192512K, used 34108K [0x0000000744600000, 0x0000000800000000)
  region size 1024K, 22 young (22528K), 8 survivors (8192K)
 Metaspace       used 34968K, capacity 35371K, committed 35584K, reserved 1081344K
  class space    used 4324K, capacity 4510K, committed 4608K, reserved 1048576K
}
Event: 6.204 GC heap after
{Heap after GC invocations=5 (full 0):
 garbage-first heap   total 192512K, used 24075K [0x0000000744600000, 0x0000000800000000)
  region size 1024K, 3 young (3072K), 3 survivors (3072K)
 Metaspace       used 34968K, capacity 35371K, committed 35584K, reserved 1081344K
  class space    used 4324K, capacity 4510K, committed 4608K, reserved 1048576K
}
Event: 10.048 GC heap before
{Heap before GC invocations=6 (full 0):
 garbage-first heap   total 192512K, used 86539K [0x0000000744600000, 0x0000000800000000)
  region size 1024K, 64 young (65536K), 3 survivors (3072K)
 Metaspace       used 46600K, capacity 47144K, committed 47232K, reserved 1091584K
  class space    used 5483K, capacity 5715K, committed 5760K, reserved 1048576K
}
Event: 10.063 GC heap after
{Heap after GC invocations=7 (full 0):
 garbage-first heap   total 192512K, used 28605K [0x0000000744600000, 0x0000000800000000)
  region size 1024K, 8 young (8192K), 8 survivors (8192K)
 Metaspace       used 46600K, capacity 47144K, committed 47232K, reserved 1091584K
  class space    used 5483K, capacity 5715K, committed 5760K, reserved 1048576K
}
Event: 11.472 GC heap before
{Heap before GC invocations=7 (full 0):
 garbage-first heap   total 192512K, used 103357K [0x0000000744600000, 0x0000000800000000)
  region size 1024K, 78 young (79872K), 8 survivors (8192K)
 Metaspace       used 52222K, capacity 52799K, committed 52864K, reserved 1095680K
  class space    used 6024K, capacity 6270K, committed 6272K, reserved 1048576K
}
Event: 11.499 GC heap after
{Heap after GC invocations=8 (full 0):
 garbage-first heap   total 192512K, used 40038K [0x0000000744600000, 0x0000000800000000)
  region size 1024K, 9 young (9216K), 9 survivors (9216K)
 Metaspace       used 52222K, capacity 52799K, committed 52864K, reserved 1095680K
  class space    used 6024K, capacity 6270K, committed 6272K, reserved 1048576K
}
Event: 13.675 GC heap before
{Heap before GC invocations=8 (full 0):
 garbage-first heap   total 192512K, used 113766K [0x0000000744600000, 0x0000000800000000)
  region size 1024K, 81 young (82944K), 9 survivors (9216K)
 Metaspace       used 58200K, capacity 58925K, committed 59136K, reserved 1101824K
  class space    used 6516K, capacity 6786K, committed 6912K, reserved 1048576K
}
Event: 13.708 GC heap after
{Heap after GC invocations=9 (full 0):
 garbage-first heap   total 231424K, used 52224K [0x0000000744600000, 0x0000000800000000)
  region size 1024K, 11 young (11264K), 11 survivors (11264K)
 Metaspace       used 58200K, capacity 58925K, committed 59136K, reserved 1101824K
  class space    used 6516K, capacity 6786K, committed 6912K, reserved 1048576K
}
Event: 14.371 GC heap before
{Heap before GC invocations=9 (full 0):
 garbage-first heap   total 231424K, used 94208K [0x0000000744600000, 0x0000000800000000)
  region size 1024K, 53 young (54272K), 11 survivors (11264K)
 Metaspace       used 58968K, capacity 59571K, committed 59648K, reserved 1101824K
  class space    used 6586K, capacity 6852K, committed 6912K, reserved 1048576K
}
Event: 14.400 GC heap after
{Heap after GC invocations=10 (full 0):
 garbage-first heap   total 231424K, used 60917K [0x0000000744600000, 0x0000000800000000)
  region size 1024K, 8 young (8192K), 8 survivors (8192K)
 Metaspace       used 58968K, capacity 59571K, committed 59648K, reserved 1101824K
  class space    used 6586K, capacity 6852K, committed 6912K, reserved 1048576K
}
Event: 15.267 GC heap before
{Heap before GC invocations=11 (full 0):
 garbage-first heap   total 231424K, used 135669K [0x0000000744600000, 0x0000000800000000)
  region size 1024K, 81 young (82944K), 8 survivors (8192K)
 Metaspace       used 60473K, capacity 61161K, committed 61220K, reserved 1103872K
  class space    used 6751K, capacity 7037K, committed 7040K, reserved 1048576K
}
Event: 15.283 GC heap after
{Heap after GC invocations=12 (full 0):
 garbage-first heap   total 231424K, used 63787K [0x0000000744600000, 0x0000000800000000)
  region size 1024K, 4 young (4096K), 4 survivors (4096K)
 Metaspace       used 60473K, capacity 61161K, committed 61220K, reserved 1103872K
  class space    used 6751K, capacity 7037K, committed 7040K, reserved 1048576K
}
Event: 19.199 GC heap before
{Heap before GC invocations=12 (full 0):
 garbage-first heap   total 231424K, used 152875K [0x0000000744600000, 0x0000000800000000)
  region size 1024K, 89 young (91136K), 4 survivors (4096K)
 Metaspace       used 66341K, capacity 67110K, committed 67364K, reserved 1110016K
  class space    used 7163K, capacity 7492K, committed 7552K, reserved 1048576K
}
Event: 19.223 GC heap after
{Heap after GC invocations=13 (full 0):
 garbage-first heap   total 231424K, used 76074K [0x0000000744600000, 0x0000000800000000)
  region size 1024K, 12 young (12288K), 12 survivors (12288K)
 Metaspace       used 66341K, capacity 67110K, committed 67364K, reserved 1110016K
  class space    used 7163K, capacity 7492K, committed 7552K, reserved 1048576K
}
Event: 21.425 GC heap before
{Heap before GC invocations=13 (full 0):
 garbage-first heap   total 231424K, used 157994K [0x0000000744600000, 0x0000000800000000)
  region size 1024K, 91 young (93184K), 12 survivors (12288K)
 Metaspace       used 68881K, capacity 69689K, committed 69796K, reserved 1112064K
  class space    used 7499K, capacity 7857K, committed 7936K, reserved 1048576K
}
Event: 21.454 GC heap after
{Heap after GC invocations=14 (full 0):
 garbage-first heap   total 231424K, used 85311K [0x0000000744600000, 0x0000000800000000)
  region size 1024K, 9 young (9216K), 9 survivors (9216K)
 Metaspace       used 68881K, capacity 69689K, committed 69796K, reserved 1112064K
  class space    used 7499K, capacity 7857K, committed 7936K, reserved 1048576K
}

